mode: set
github.com/davimerotto/web-server/cmd/server/main.go:29.13,31.16 2 0
github.com/davimerotto/web-server/cmd/server/main.go:31.16,33.3 1 0
github.com/davimerotto/web-server/cmd/server/main.go:40.2,59.16 16 0
github.com/davimerotto/web-server/cmd/server/main.go:59.16,61.3 1 0
github.com/davimerotto/web-server/pkg/store/file.go:32.41,34.2 1 0
github.com/davimerotto/web-server/pkg/store/file.go:36.33,38.2 1 0
github.com/davimerotto/web-server/pkg/store/file.go:40.72,41.19 1 0
github.com/davimerotto/web-server/pkg/store/file.go:41.19,43.24 2 0
github.com/davimerotto/web-server/pkg/store/file.go:43.24,45.4 1 0
github.com/davimerotto/web-server/pkg/store/file.go:46.3,46.66 1 0
github.com/davimerotto/web-server/pkg/store/file.go:48.2,49.16 2 0
github.com/davimerotto/web-server/pkg/store/file.go:49.16,51.3 1 0
github.com/davimerotto/web-server/pkg/store/file.go:52.2,52.58 1 0
github.com/davimerotto/web-server/pkg/store/file.go:55.51,56.19 1 0
github.com/davimerotto/web-server/pkg/store/file.go:56.19,57.24 1 0
github.com/davimerotto/web-server/pkg/store/file.go:57.24,59.4 1 0
github.com/davimerotto/web-server/pkg/store/file.go:60.3,62.17 3 0
github.com/davimerotto/web-server/pkg/store/file.go:62.17,64.4 1 0
github.com/davimerotto/web-server/pkg/store/file.go:65.3,65.13 1 0
github.com/davimerotto/web-server/pkg/store/file.go:67.2,68.16 2 0
github.com/davimerotto/web-server/pkg/store/file.go:68.16,70.3 1 0
github.com/davimerotto/web-server/pkg/store/file.go:71.2,71.49 1 0
github.com/davimerotto/web-server/pkg/store/file.go:74.54,75.15 1 0
github.com/davimerotto/web-server/pkg/store/file.go:76.16,77.39 1 0
github.com/davimerotto/web-server/pkg/store/file.go:79.2,79.12 1 0
github.com/davimerotto/web-server/docs/docs.go:381.13,383.2 1 0
github.com/davimerotto/web-server/cmd/server/middleware/auth.go:10.40,13.17 3 0
github.com/davimerotto/web-server/cmd/server/middleware/auth.go:13.17,15.3 1 0
github.com/davimerotto/web-server/cmd/server/middleware/auth.go:16.2,16.31 1 0
github.com/davimerotto/web-server/cmd/server/middleware/auth.go:16.31,19.3 2 0
github.com/davimerotto/web-server/cmd/server/middleware/auth.go:20.2,20.12 1 0
github.com/davimerotto/web-server/internal/products/repository.go:26.23,28.16 2 0
github.com/davimerotto/web-server/internal/products/repository.go:28.16,30.3 1 0
github.com/davimerotto/web-server/internal/products/repository.go:31.2,33.16 3 0
github.com/davimerotto/web-server/internal/products/repository.go:33.16,35.3 1 0
github.com/davimerotto/web-server/internal/products/repository.go:36.2,36.29 1 0
github.com/davimerotto/web-server/internal/products/repository.go:36.29,37.22 1 0
github.com/davimerotto/web-server/internal/products/repository.go:37.22,39.4 1 0
github.com/davimerotto/web-server/internal/products/repository.go:41.2,42.12 2 0
github.com/davimerotto/web-server/internal/products/repository.go:45.25,48.16 2 0
github.com/davimerotto/web-server/internal/products/repository.go:48.16,50.3 1 0
github.com/davimerotto/web-server/internal/products/repository.go:52.2,53.16 2 0
github.com/davimerotto/web-server/internal/products/repository.go:53.16,55.3 1 0
github.com/davimerotto/web-server/internal/products/repository.go:57.2,58.16 2 0
github.com/davimerotto/web-server/internal/products/repository.go:58.16,60.3 1 0
github.com/davimerotto/web-server/internal/products/repository.go:62.2,63.16 2 0
github.com/davimerotto/web-server/internal/products/repository.go:63.16,65.3 1 0
github.com/davimerotto/web-server/internal/products/repository.go:66.2,66.12 1 0
github.com/davimerotto/web-server/internal/products/repository.go:69.59,70.24 1 0
github.com/davimerotto/web-server/internal/products/repository.go:70.24,72.17 2 0
github.com/davimerotto/web-server/internal/products/repository.go:72.17,74.4 1 0
github.com/davimerotto/web-server/internal/products/repository.go:76.2,76.22 1 0
github.com/davimerotto/web-server/internal/products/repository.go:79.75,80.24 1 0
github.com/davimerotto/web-server/internal/products/repository.go:80.24,82.17 2 0
github.com/davimerotto/web-server/internal/products/repository.go:82.17,84.4 1 0
github.com/davimerotto/web-server/internal/products/repository.go:86.2,90.16 5 0
github.com/davimerotto/web-server/internal/products/repository.go:90.16,92.3 1 0
github.com/davimerotto/web-server/internal/products/repository.go:93.2,93.15 1 0
github.com/davimerotto/web-server/internal/products/repository.go:96.44,97.24 1 0
github.com/davimerotto/web-server/internal/products/repository.go:97.24,99.17 2 0
github.com/davimerotto/web-server/internal/products/repository.go:99.17,101.4 1 0
github.com/davimerotto/web-server/internal/products/repository.go:103.2,103.32 1 0
github.com/davimerotto/web-server/internal/products/repository.go:103.32,104.20 1 0
github.com/davimerotto/web-server/internal/products/repository.go:104.20,106.4 1 0
github.com/davimerotto/web-server/internal/products/repository.go:108.2,109.16 2 0
github.com/davimerotto/web-server/internal/products/repository.go:109.16,111.3 1 0
github.com/davimerotto/web-server/internal/products/repository.go:112.2,112.12 1 0
github.com/davimerotto/web-server/internal/products/repository.go:115.79,117.24 2 0
github.com/davimerotto/web-server/internal/products/repository.go:117.24,119.17 2 0
github.com/davimerotto/web-server/internal/products/repository.go:119.17,121.4 1 0
github.com/davimerotto/web-server/internal/products/repository.go:123.2,123.32 1 0
github.com/davimerotto/web-server/internal/products/repository.go:123.32,124.22 1 0
github.com/davimerotto/web-server/internal/products/repository.go:124.22,128.4 3 0
github.com/davimerotto/web-server/internal/products/repository.go:130.2,130.14 1 0
github.com/davimerotto/web-server/internal/products/repository.go:130.14,132.3 1 0
github.com/davimerotto/web-server/internal/products/repository.go:133.2,134.16 2 0
github.com/davimerotto/web-server/internal/products/repository.go:134.16,136.3 1 0
github.com/davimerotto/web-server/internal/products/repository.go:137.2,137.15 1 0
github.com/davimerotto/web-server/internal/products/repository.go:140.84,141.24 1 0
github.com/davimerotto/web-server/internal/products/repository.go:141.24,143.17 2 0
github.com/davimerotto/web-server/internal/products/repository.go:143.17,145.4 1 0
github.com/davimerotto/web-server/internal/products/repository.go:147.2,148.32 2 0
github.com/davimerotto/web-server/internal/products/repository.go:148.32,149.20 1 0
github.com/davimerotto/web-server/internal/products/repository.go:149.20,150.20 1 0
github.com/davimerotto/web-server/internal/products/repository.go:150.20,152.5 1 0
github.com/davimerotto/web-server/internal/products/repository.go:153.4,153.21 1 0
github.com/davimerotto/web-server/internal/products/repository.go:153.21,155.5 1 0
github.com/davimerotto/web-server/internal/products/repository.go:156.4,156.20 1 0
github.com/davimerotto/web-server/internal/products/repository.go:156.20,158.5 1 0
github.com/davimerotto/web-server/internal/products/repository.go:159.4,159.20 1 0
github.com/davimerotto/web-server/internal/products/repository.go:159.20,161.5 1 0
github.com/davimerotto/web-server/internal/products/repository.go:162.4,162.20 1 0
github.com/davimerotto/web-server/internal/products/repository.go:162.20,164.5 1 0
github.com/davimerotto/web-server/internal/products/repository.go:165.4,165.19 1 0
github.com/davimerotto/web-server/internal/products/repository.go:165.19,167.5 1 0
github.com/davimerotto/web-server/internal/products/repository.go:168.4,168.29 1 0
github.com/davimerotto/web-server/internal/products/repository.go:168.29,170.5 1 0
github.com/davimerotto/web-server/internal/products/repository.go:171.4,172.19 2 0
github.com/davimerotto/web-server/internal/products/repository.go:175.2,175.14 1 0
github.com/davimerotto/web-server/internal/products/repository.go:175.14,177.3 1 0
github.com/davimerotto/web-server/internal/products/repository.go:178.2,179.16 2 0
github.com/davimerotto/web-server/internal/products/repository.go:179.16,181.3 1 0
github.com/davimerotto/web-server/internal/products/repository.go:182.2,182.15 1 0
github.com/davimerotto/web-server/internal/products/repository.go:185.45,187.2 1 0
github.com/davimerotto/web-server/internal/products/repository.go:189.33,191.2 1 0
github.com/davimerotto/web-server/internal/products/server.go:17.56,19.16 2 0
github.com/davimerotto/web-server/internal/products/server.go:19.16,21.3 1 0
github.com/davimerotto/web-server/internal/products/server.go:22.2,22.19 1 0
github.com/davimerotto/web-server/internal/products/server.go:25.72,27.16 2 0
github.com/davimerotto/web-server/internal/products/server.go:27.16,29.3 1 0
github.com/davimerotto/web-server/internal/products/server.go:30.2,30.21 1 0
github.com/davimerotto/web-server/internal/products/server.go:33.41,35.16 2 0
github.com/davimerotto/web-server/internal/products/server.go:35.16,37.3 1 0
github.com/davimerotto/web-server/internal/products/server.go:38.2,38.12 1 0
github.com/davimerotto/web-server/internal/products/server.go:41.76,43.16 2 0
github.com/davimerotto/web-server/internal/products/server.go:43.16,45.3 1 0
github.com/davimerotto/web-server/internal/products/server.go:46.2,46.21 1 0
github.com/davimerotto/web-server/internal/products/server.go:49.81,51.16 2 0
github.com/davimerotto/web-server/internal/products/server.go:51.16,53.3 1 0
github.com/davimerotto/web-server/internal/products/server.go:54.2,54.21 1 0
github.com/davimerotto/web-server/internal/products/server.go:57.39,61.2 1 0
github.com/davimerotto/web-server/internal/products/store_repository.go:14.52,18.2 1 0
github.com/davimerotto/web-server/internal/products/store_repository.go:20.68,24.2 3 0
github.com/davimerotto/web-server/internal/products/store_repository.go:26.84,30.16 3 0
github.com/davimerotto/web-server/internal/products/store_repository.go:30.16,32.3 1 0
github.com/davimerotto/web-server/internal/products/store_repository.go:33.2,34.16 2 0
github.com/davimerotto/web-server/internal/products/store_repository.go:34.16,36.3 1 0
github.com/davimerotto/web-server/internal/products/store_repository.go:37.2,43.16 5 0
github.com/davimerotto/web-server/internal/products/store_repository.go:43.16,45.3 1 0
github.com/davimerotto/web-server/internal/products/store_repository.go:46.2,46.15 1 0
github.com/davimerotto/web-server/internal/products/store_repository.go:49.53,52.16 3 0
github.com/davimerotto/web-server/internal/products/store_repository.go:52.16,54.3 1 0
github.com/davimerotto/web-server/internal/products/store_repository.go:56.2,56.32 1 0
github.com/davimerotto/web-server/internal/products/store_repository.go:56.32,57.20 1 0
github.com/davimerotto/web-server/internal/products/store_repository.go:57.20,59.4 1 0
github.com/davimerotto/web-server/internal/products/store_repository.go:61.2,62.16 2 0
github.com/davimerotto/web-server/internal/products/store_repository.go:62.16,64.3 1 0
github.com/davimerotto/web-server/internal/products/store_repository.go:65.2,65.12 1 0
github.com/davimerotto/web-server/internal/products/store_repository.go:68.88,72.16 4 0
github.com/davimerotto/web-server/internal/products/store_repository.go:72.16,74.3 1 0
github.com/davimerotto/web-server/internal/products/store_repository.go:75.2,75.32 1 0
github.com/davimerotto/web-server/internal/products/store_repository.go:75.32,76.22 1 0
github.com/davimerotto/web-server/internal/products/store_repository.go:76.22,80.4 3 0
github.com/davimerotto/web-server/internal/products/store_repository.go:82.2,82.14 1 0
github.com/davimerotto/web-server/internal/products/store_repository.go:82.14,84.3 1 0
github.com/davimerotto/web-server/internal/products/store_repository.go:85.2,86.16 2 0
github.com/davimerotto/web-server/internal/products/store_repository.go:86.16,88.3 1 0
github.com/davimerotto/web-server/internal/products/store_repository.go:89.2,89.15 1 0
github.com/davimerotto/web-server/internal/products/store_repository.go:92.93,95.16 3 0
github.com/davimerotto/web-server/internal/products/store_repository.go:95.16,97.3 1 0
github.com/davimerotto/web-server/internal/products/store_repository.go:98.2,100.32 2 0
github.com/davimerotto/web-server/internal/products/store_repository.go:100.32,101.20 1 0
github.com/davimerotto/web-server/internal/products/store_repository.go:101.20,102.20 1 0
github.com/davimerotto/web-server/internal/products/store_repository.go:102.20,104.5 1 0
github.com/davimerotto/web-server/internal/products/store_repository.go:105.4,105.21 1 0
github.com/davimerotto/web-server/internal/products/store_repository.go:105.21,107.5 1 0
github.com/davimerotto/web-server/internal/products/store_repository.go:108.4,108.20 1 0
github.com/davimerotto/web-server/internal/products/store_repository.go:108.20,110.5 1 0
github.com/davimerotto/web-server/internal/products/store_repository.go:111.4,111.20 1 0
github.com/davimerotto/web-server/internal/products/store_repository.go:111.20,113.5 1 0
github.com/davimerotto/web-server/internal/products/store_repository.go:114.4,114.20 1 0
github.com/davimerotto/web-server/internal/products/store_repository.go:114.20,116.5 1 0
github.com/davimerotto/web-server/internal/products/store_repository.go:117.4,117.19 1 0
github.com/davimerotto/web-server/internal/products/store_repository.go:117.19,119.5 1 0
github.com/davimerotto/web-server/internal/products/store_repository.go:120.4,120.29 1 0
github.com/davimerotto/web-server/internal/products/store_repository.go:120.29,122.5 1 0
github.com/davimerotto/web-server/internal/products/store_repository.go:123.4,124.19 2 0
github.com/davimerotto/web-server/internal/products/store_repository.go:127.2,127.14 1 0
github.com/davimerotto/web-server/internal/products/store_repository.go:127.14,129.3 1 0
github.com/davimerotto/web-server/internal/products/store_repository.go:130.2,131.16 2 0
github.com/davimerotto/web-server/internal/products/store_repository.go:131.16,133.3 1 0
github.com/davimerotto/web-server/internal/products/store_repository.go:134.2,134.15 1 0
github.com/davimerotto/web-server/internal/products/store_repository.go:137.54,139.42 2 0
github.com/davimerotto/web-server/internal/products/store_repository.go:139.42,141.3 1 0
github.com/davimerotto/web-server/internal/products/store_repository.go:142.2,142.18 1 0
github.com/davimerotto/web-server/internal/products/store_repository.go:142.18,144.3 1 0
github.com/davimerotto/web-server/internal/products/store_repository.go:146.2,146.30 1 0
github.com/davimerotto/web-server/cmd/server/handler/products.go:17.53,21.2 1 0
github.com/davimerotto/web-server/cmd/server/handler/products.go:33.51,34.32 1 0
github.com/davimerotto/web-server/cmd/server/handler/products.go:34.32,36.17 2 0
github.com/davimerotto/web-server/cmd/server/handler/products.go:36.17,40.4 2 0
github.com/davimerotto/web-server/cmd/server/handler/products.go:42.3,42.18 1 0
github.com/davimerotto/web-server/cmd/server/handler/products.go:42.18,45.4 2 0
github.com/davimerotto/web-server/cmd/server/handler/products.go:47.3,47.65 1 0
github.com/davimerotto/web-server/cmd/server/handler/products.go:62.51,63.32 1 0
github.com/davimerotto/web-server/cmd/server/handler/products.go:63.32,65.40 2 0
github.com/davimerotto/web-server/cmd/server/handler/products.go:65.40,69.4 2 0
github.com/davimerotto/web-server/cmd/server/handler/products.go:71.3,72.17 2 0
github.com/davimerotto/web-server/cmd/server/handler/products.go:72.17,76.4 2 0
github.com/davimerotto/web-server/cmd/server/handler/products.go:77.3,77.75 1 0
github.com/davimerotto/web-server/cmd/server/handler/products.go:92.51,93.32 1 0
github.com/davimerotto/web-server/cmd/server/handler/products.go:93.32,95.17 2 0
github.com/davimerotto/web-server/cmd/server/handler/products.go:95.17,99.4 2 0
github.com/davimerotto/web-server/cmd/server/handler/products.go:100.3,101.17 2 0
github.com/davimerotto/web-server/cmd/server/handler/products.go:101.17,105.4 2 0
github.com/davimerotto/web-server/cmd/server/handler/products.go:106.3,107.78 1 0
github.com/davimerotto/web-server/cmd/server/handler/products.go:122.55,123.32 1 0
github.com/davimerotto/web-server/cmd/server/handler/products.go:123.32,125.38 2 0
github.com/davimerotto/web-server/cmd/server/handler/products.go:125.38,129.4 2 0
github.com/davimerotto/web-server/cmd/server/handler/products.go:130.3,130.16 1 0
github.com/davimerotto/web-server/cmd/server/handler/products.go:130.16,134.4 2 0
github.com/davimerotto/web-server/cmd/server/handler/products.go:135.3,135.19 1 0
github.com/davimerotto/web-server/cmd/server/handler/products.go:135.19,139.4 2 0
github.com/davimerotto/web-server/cmd/server/handler/products.go:140.3,140.20 1 0
github.com/davimerotto/web-server/cmd/server/handler/products.go:140.20,144.4 2 0
github.com/davimerotto/web-server/cmd/server/handler/products.go:145.3,145.19 1 0
github.com/davimerotto/web-server/cmd/server/handler/products.go:145.19,149.4 2 0
github.com/davimerotto/web-server/cmd/server/handler/products.go:150.3,150.19 1 0
github.com/davimerotto/web-server/cmd/server/handler/products.go:150.19,154.4 2 0
github.com/davimerotto/web-server/cmd/server/handler/products.go:155.3,155.19 1 0
github.com/davimerotto/web-server/cmd/server/handler/products.go:155.19,159.4 2 0
github.com/davimerotto/web-server/cmd/server/handler/products.go:160.3,160.28 1 0
github.com/davimerotto/web-server/cmd/server/handler/products.go:160.28,164.4 2 0
github.com/davimerotto/web-server/cmd/server/handler/products.go:166.3,167.17 2 0
github.com/davimerotto/web-server/cmd/server/handler/products.go:167.17,171.4 2 0
github.com/davimerotto/web-server/cmd/server/handler/products.go:172.3,172.68 1 0
github.com/davimerotto/web-server/cmd/server/handler/products.go:188.51,189.32 1 0
github.com/davimerotto/web-server/cmd/server/handler/products.go:189.32,192.17 3 0
github.com/davimerotto/web-server/cmd/server/handler/products.go:192.17,196.4 2 0
github.com/davimerotto/web-server/cmd/server/handler/products.go:197.3,197.38 1 0
github.com/davimerotto/web-server/cmd/server/handler/products.go:197.38,201.4 2 0
github.com/davimerotto/web-server/cmd/server/handler/products.go:202.3,202.14 1 0
github.com/davimerotto/web-server/cmd/server/handler/products.go:202.14,206.4 2 0
github.com/davimerotto/web-server/cmd/server/handler/products.go:207.3,208.17 2 0
github.com/davimerotto/web-server/cmd/server/handler/products.go:208.17,212.4 2 0
github.com/davimerotto/web-server/cmd/server/handler/products.go:213.3,213.68 1 0
github.com/davimerotto/web-server/pkg/web/response.go:10.67,11.16 1 0
github.com/davimerotto/web-server/pkg/web/response.go:11.16,17.3 1 0
github.com/davimerotto/web-server/pkg/web/response.go:18.2,22.3 1 0
github.com/davimerotto/web-server/cmd/server/handler/products.go:17.53,21.2 1 1
github.com/davimerotto/web-server/cmd/server/handler/products.go:33.51,34.32 1 1
github.com/davimerotto/web-server/cmd/server/handler/products.go:34.32,36.17 2 1
github.com/davimerotto/web-server/cmd/server/handler/products.go:36.17,40.4 2 0
github.com/davimerotto/web-server/cmd/server/handler/products.go:42.3,42.18 1 1
github.com/davimerotto/web-server/cmd/server/handler/products.go:42.18,45.4 2 0
github.com/davimerotto/web-server/cmd/server/handler/products.go:47.3,47.65 1 1
github.com/davimerotto/web-server/cmd/server/handler/products.go:62.51,63.32 1 1
github.com/davimerotto/web-server/cmd/server/handler/products.go:63.32,65.40 2 1
github.com/davimerotto/web-server/cmd/server/handler/products.go:65.40,69.4 2 0
github.com/davimerotto/web-server/cmd/server/handler/products.go:71.3,72.17 2 1
github.com/davimerotto/web-server/cmd/server/handler/products.go:72.17,76.4 2 0
github.com/davimerotto/web-server/cmd/server/handler/products.go:77.3,77.75 1 1
github.com/davimerotto/web-server/cmd/server/handler/products.go:92.51,93.32 1 1
github.com/davimerotto/web-server/cmd/server/handler/products.go:93.32,95.17 2 1
github.com/davimerotto/web-server/cmd/server/handler/products.go:95.17,99.4 2 0
github.com/davimerotto/web-server/cmd/server/handler/products.go:100.3,101.17 2 1
github.com/davimerotto/web-server/cmd/server/handler/products.go:101.17,105.4 2 0
github.com/davimerotto/web-server/cmd/server/handler/products.go:106.3,107.78 1 1
github.com/davimerotto/web-server/cmd/server/handler/products.go:122.55,123.32 1 1
github.com/davimerotto/web-server/cmd/server/handler/products.go:123.32,125.38 2 0
github.com/davimerotto/web-server/cmd/server/handler/products.go:125.38,129.4 2 0
github.com/davimerotto/web-server/cmd/server/handler/products.go:130.3,130.16 1 0
github.com/davimerotto/web-server/cmd/server/handler/products.go:130.16,134.4 2 0
github.com/davimerotto/web-server/cmd/server/handler/products.go:135.3,135.19 1 0
github.com/davimerotto/web-server/cmd/server/handler/products.go:135.19,139.4 2 0
github.com/davimerotto/web-server/cmd/server/handler/products.go:140.3,140.20 1 0
github.com/davimerotto/web-server/cmd/server/handler/products.go:140.20,144.4 2 0
github.com/davimerotto/web-server/cmd/server/handler/products.go:145.3,145.19 1 0
github.com/davimerotto/web-server/cmd/server/handler/products.go:145.19,149.4 2 0
github.com/davimerotto/web-server/cmd/server/handler/products.go:150.3,150.19 1 0
github.com/davimerotto/web-server/cmd/server/handler/products.go:150.19,154.4 2 0
github.com/davimerotto/web-server/cmd/server/handler/products.go:155.3,155.19 1 0
github.com/davimerotto/web-server/cmd/server/handler/products.go:155.19,159.4 2 0
github.com/davimerotto/web-server/cmd/server/handler/products.go:160.3,160.28 1 0
github.com/davimerotto/web-server/cmd/server/handler/products.go:160.28,164.4 2 0
github.com/davimerotto/web-server/cmd/server/handler/products.go:166.3,167.17 2 0
github.com/davimerotto/web-server/cmd/server/handler/products.go:167.17,171.4 2 0
github.com/davimerotto/web-server/cmd/server/handler/products.go:172.3,172.68 1 0
github.com/davimerotto/web-server/cmd/server/handler/products.go:188.51,189.32 1 1
github.com/davimerotto/web-server/cmd/server/handler/products.go:189.32,192.17 3 1
github.com/davimerotto/web-server/cmd/server/handler/products.go:192.17,196.4 2 0
github.com/davimerotto/web-server/cmd/server/handler/products.go:197.3,197.38 1 1
github.com/davimerotto/web-server/cmd/server/handler/products.go:197.38,201.4 2 0
github.com/davimerotto/web-server/cmd/server/handler/products.go:202.3,202.14 1 1
github.com/davimerotto/web-server/cmd/server/handler/products.go:202.14,206.4 2 0
github.com/davimerotto/web-server/cmd/server/handler/products.go:207.3,208.17 2 1
github.com/davimerotto/web-server/cmd/server/handler/products.go:208.17,212.4 2 0
github.com/davimerotto/web-server/cmd/server/handler/products.go:213.3,213.68 1 1
github.com/davimerotto/web-server/internal/products/repository.go:26.23,28.16 2 0
github.com/davimerotto/web-server/internal/products/repository.go:28.16,30.3 1 0
github.com/davimerotto/web-server/internal/products/repository.go:31.2,33.16 3 0
github.com/davimerotto/web-server/internal/products/repository.go:33.16,35.3 1 0
github.com/davimerotto/web-server/internal/products/repository.go:36.2,36.29 1 0
github.com/davimerotto/web-server/internal/products/repository.go:36.29,37.22 1 0
github.com/davimerotto/web-server/internal/products/repository.go:37.22,39.4 1 0
github.com/davimerotto/web-server/internal/products/repository.go:41.2,42.12 2 0
github.com/davimerotto/web-server/internal/products/repository.go:45.25,48.16 2 0
github.com/davimerotto/web-server/internal/products/repository.go:48.16,50.3 1 0
github.com/davimerotto/web-server/internal/products/repository.go:52.2,53.16 2 0
github.com/davimerotto/web-server/internal/products/repository.go:53.16,55.3 1 0
github.com/davimerotto/web-server/internal/products/repository.go:57.2,58.16 2 0
github.com/davimerotto/web-server/internal/products/repository.go:58.16,60.3 1 0
github.com/davimerotto/web-server/internal/products/repository.go:62.2,63.16 2 0
github.com/davimerotto/web-server/internal/products/repository.go:63.16,65.3 1 0
github.com/davimerotto/web-server/internal/products/repository.go:66.2,66.12 1 0
github.com/davimerotto/web-server/internal/products/repository.go:69.59,70.24 1 0
github.com/davimerotto/web-server/internal/products/repository.go:70.24,72.17 2 0
github.com/davimerotto/web-server/internal/products/repository.go:72.17,74.4 1 0
github.com/davimerotto/web-server/internal/products/repository.go:76.2,76.22 1 0
github.com/davimerotto/web-server/internal/products/repository.go:79.75,80.24 1 0
github.com/davimerotto/web-server/internal/products/repository.go:80.24,82.17 2 0
github.com/davimerotto/web-server/internal/products/repository.go:82.17,84.4 1 0
github.com/davimerotto/web-server/internal/products/repository.go:86.2,90.16 5 0
github.com/davimerotto/web-server/internal/products/repository.go:90.16,92.3 1 0
github.com/davimerotto/web-server/internal/products/repository.go:93.2,93.15 1 0
github.com/davimerotto/web-server/internal/products/repository.go:96.44,97.24 1 0
github.com/davimerotto/web-server/internal/products/repository.go:97.24,99.17 2 0
github.com/davimerotto/web-server/internal/products/repository.go:99.17,101.4 1 0
github.com/davimerotto/web-server/internal/products/repository.go:103.2,103.32 1 0
github.com/davimerotto/web-server/internal/products/repository.go:103.32,104.20 1 0
github.com/davimerotto/web-server/internal/products/repository.go:104.20,106.4 1 0
github.com/davimerotto/web-server/internal/products/repository.go:108.2,109.16 2 0
github.com/davimerotto/web-server/internal/products/repository.go:109.16,111.3 1 0
github.com/davimerotto/web-server/internal/products/repository.go:112.2,112.12 1 0
github.com/davimerotto/web-server/internal/products/repository.go:115.79,117.24 2 0
github.com/davimerotto/web-server/internal/products/repository.go:117.24,119.17 2 0
github.com/davimerotto/web-server/internal/products/repository.go:119.17,121.4 1 0
github.com/davimerotto/web-server/internal/products/repository.go:123.2,123.32 1 0
github.com/davimerotto/web-server/internal/products/repository.go:123.32,124.22 1 0
github.com/davimerotto/web-server/internal/products/repository.go:124.22,128.4 3 0
github.com/davimerotto/web-server/internal/products/repository.go:130.2,130.14 1 0
github.com/davimerotto/web-server/internal/products/repository.go:130.14,132.3 1 0
github.com/davimerotto/web-server/internal/products/repository.go:133.2,134.16 2 0
github.com/davimerotto/web-server/internal/products/repository.go:134.16,136.3 1 0
github.com/davimerotto/web-server/internal/products/repository.go:137.2,137.15 1 0
github.com/davimerotto/web-server/internal/products/repository.go:140.84,141.24 1 0
github.com/davimerotto/web-server/internal/products/repository.go:141.24,143.17 2 0
github.com/davimerotto/web-server/internal/products/repository.go:143.17,145.4 1 0
github.com/davimerotto/web-server/internal/products/repository.go:147.2,148.32 2 0
github.com/davimerotto/web-server/internal/products/repository.go:148.32,149.20 1 0
github.com/davimerotto/web-server/internal/products/repository.go:149.20,150.20 1 0
github.com/davimerotto/web-server/internal/products/repository.go:150.20,152.5 1 0
github.com/davimerotto/web-server/internal/products/repository.go:153.4,153.21 1 0
github.com/davimerotto/web-server/internal/products/repository.go:153.21,155.5 1 0
github.com/davimerotto/web-server/internal/products/repository.go:156.4,156.20 1 0
github.com/davimerotto/web-server/internal/products/repository.go:156.20,158.5 1 0
github.com/davimerotto/web-server/internal/products/repository.go:159.4,159.20 1 0
github.com/davimerotto/web-server/internal/products/repository.go:159.20,161.5 1 0
github.com/davimerotto/web-server/internal/products/repository.go:162.4,162.20 1 0
github.com/davimerotto/web-server/internal/products/repository.go:162.20,164.5 1 0
github.com/davimerotto/web-server/internal/products/repository.go:165.4,165.19 1 0
github.com/davimerotto/web-server/internal/products/repository.go:165.19,167.5 1 0
github.com/davimerotto/web-server/internal/products/repository.go:168.4,168.29 1 0
github.com/davimerotto/web-server/internal/products/repository.go:168.29,170.5 1 0
github.com/davimerotto/web-server/internal/products/repository.go:171.4,172.19 2 0
github.com/davimerotto/web-server/internal/products/repository.go:175.2,175.14 1 0
github.com/davimerotto/web-server/internal/products/repository.go:175.14,177.3 1 0
github.com/davimerotto/web-server/internal/products/repository.go:178.2,179.16 2 0
github.com/davimerotto/web-server/internal/products/repository.go:179.16,181.3 1 0
github.com/davimerotto/web-server/internal/products/repository.go:182.2,182.15 1 0
github.com/davimerotto/web-server/internal/products/repository.go:185.45,187.2 1 0
github.com/davimerotto/web-server/internal/products/repository.go:189.33,191.2 1 0
github.com/davimerotto/web-server/internal/products/server.go:17.56,19.16 2 1
github.com/davimerotto/web-server/internal/products/server.go:19.16,21.3 1 0
github.com/davimerotto/web-server/internal/products/server.go:22.2,22.19 1 1
github.com/davimerotto/web-server/internal/products/server.go:25.72,27.16 2 1
github.com/davimerotto/web-server/internal/products/server.go:27.16,29.3 1 0
github.com/davimerotto/web-server/internal/products/server.go:30.2,30.21 1 1
github.com/davimerotto/web-server/internal/products/server.go:33.41,35.16 2 1
github.com/davimerotto/web-server/internal/products/server.go:35.16,37.3 1 0
github.com/davimerotto/web-server/internal/products/server.go:38.2,38.12 1 1
github.com/davimerotto/web-server/internal/products/server.go:41.76,43.16 2 0
github.com/davimerotto/web-server/internal/products/server.go:43.16,45.3 1 0
github.com/davimerotto/web-server/internal/products/server.go:46.2,46.21 1 0
github.com/davimerotto/web-server/internal/products/server.go:49.81,51.16 2 1
github.com/davimerotto/web-server/internal/products/server.go:51.16,53.3 1 0
github.com/davimerotto/web-server/internal/products/server.go:54.2,54.21 1 1
github.com/davimerotto/web-server/internal/products/server.go:57.39,61.2 1 1
github.com/davimerotto/web-server/internal/products/store_repository.go:14.52,18.2 1 1
github.com/davimerotto/web-server/internal/products/store_repository.go:20.68,24.2 3 1
github.com/davimerotto/web-server/internal/products/store_repository.go:26.84,30.16 3 1
github.com/davimerotto/web-server/internal/products/store_repository.go:30.16,32.3 1 0
github.com/davimerotto/web-server/internal/products/store_repository.go:33.2,34.16 2 1
github.com/davimerotto/web-server/internal/products/store_repository.go:34.16,36.3 1 0
github.com/davimerotto/web-server/internal/products/store_repository.go:37.2,43.16 5 1
github.com/davimerotto/web-server/internal/products/store_repository.go:43.16,45.3 1 0
github.com/davimerotto/web-server/internal/products/store_repository.go:46.2,46.15 1 1
github.com/davimerotto/web-server/internal/products/store_repository.go:49.53,52.16 3 1
github.com/davimerotto/web-server/internal/products/store_repository.go:52.16,54.3 1 0
github.com/davimerotto/web-server/internal/products/store_repository.go:56.2,56.32 1 1
github.com/davimerotto/web-server/internal/products/store_repository.go:56.32,57.20 1 1
github.com/davimerotto/web-server/internal/products/store_repository.go:57.20,59.4 1 1
github.com/davimerotto/web-server/internal/products/store_repository.go:61.2,62.16 2 1
github.com/davimerotto/web-server/internal/products/store_repository.go:62.16,64.3 1 0
github.com/davimerotto/web-server/internal/products/store_repository.go:65.2,65.12 1 1
github.com/davimerotto/web-server/internal/products/store_repository.go:68.88,72.16 4 0
github.com/davimerotto/web-server/internal/products/store_repository.go:72.16,74.3 1 0
github.com/davimerotto/web-server/internal/products/store_repository.go:75.2,75.32 1 0
github.com/davimerotto/web-server/internal/products/store_repository.go:75.32,76.22 1 0
github.com/davimerotto/web-server/internal/products/store_repository.go:76.22,80.4 3 0
github.com/davimerotto/web-server/internal/products/store_repository.go:82.2,82.14 1 0
github.com/davimerotto/web-server/internal/products/store_repository.go:82.14,84.3 1 0
github.com/davimerotto/web-server/internal/products/store_repository.go:85.2,86.16 2 0
github.com/davimerotto/web-server/internal/products/store_repository.go:86.16,88.3 1 0
github.com/davimerotto/web-server/internal/products/store_repository.go:89.2,89.15 1 0
github.com/davimerotto/web-server/internal/products/store_repository.go:92.93,95.16 3 1
github.com/davimerotto/web-server/internal/products/store_repository.go:95.16,97.3 1 0
github.com/davimerotto/web-server/internal/products/store_repository.go:98.2,100.32 2 1
github.com/davimerotto/web-server/internal/products/store_repository.go:100.32,101.20 1 1
github.com/davimerotto/web-server/internal/products/store_repository.go:101.20,102.20 1 1
github.com/davimerotto/web-server/internal/products/store_repository.go:102.20,104.5 1 1
github.com/davimerotto/web-server/internal/products/store_repository.go:105.4,105.21 1 1
github.com/davimerotto/web-server/internal/products/store_repository.go:105.21,107.5 1 1
github.com/davimerotto/web-server/internal/products/store_repository.go:108.4,108.20 1 1
github.com/davimerotto/web-server/internal/products/store_repository.go:108.20,110.5 1 1
github.com/davimerotto/web-server/internal/products/store_repository.go:111.4,111.20 1 1
github.com/davimerotto/web-server/internal/products/store_repository.go:111.20,113.5 1 1
github.com/davimerotto/web-server/internal/products/store_repository.go:114.4,114.20 1 1
github.com/davimerotto/web-server/internal/products/store_repository.go:114.20,116.5 1 1
github.com/davimerotto/web-server/internal/products/store_repository.go:117.4,117.19 1 1
github.com/davimerotto/web-server/internal/products/store_repository.go:117.19,119.5 1 1
github.com/davimerotto/web-server/internal/products/store_repository.go:120.4,120.29 1 1
github.com/davimerotto/web-server/internal/products/store_repository.go:120.29,122.5 1 1
github.com/davimerotto/web-server/internal/products/store_repository.go:123.4,124.19 2 1
github.com/davimerotto/web-server/internal/products/store_repository.go:127.2,127.14 1 1
github.com/davimerotto/web-server/internal/products/store_repository.go:127.14,129.3 1 0
github.com/davimerotto/web-server/internal/products/store_repository.go:130.2,131.16 2 1
github.com/davimerotto/web-server/internal/products/store_repository.go:131.16,133.3 1 0
github.com/davimerotto/web-server/internal/products/store_repository.go:134.2,134.15 1 1
github.com/davimerotto/web-server/internal/products/store_repository.go:137.54,139.42 2 1
github.com/davimerotto/web-server/internal/products/store_repository.go:139.42,141.3 1 0
github.com/davimerotto/web-server/internal/products/store_repository.go:142.2,142.18 1 1
github.com/davimerotto/web-server/internal/products/store_repository.go:142.18,144.3 1 1
github.com/davimerotto/web-server/internal/products/store_repository.go:146.2,146.30 1 0
github.com/davimerotto/web-server/pkg/store/file.go:32.41,34.2 1 0
github.com/davimerotto/web-server/pkg/store/file.go:36.33,38.2 1 0
github.com/davimerotto/web-server/pkg/store/file.go:40.72,41.19 1 0
github.com/davimerotto/web-server/pkg/store/file.go:41.19,43.24 2 0
github.com/davimerotto/web-server/pkg/store/file.go:43.24,45.4 1 0
github.com/davimerotto/web-server/pkg/store/file.go:46.3,46.66 1 0
github.com/davimerotto/web-server/pkg/store/file.go:48.2,49.16 2 0
github.com/davimerotto/web-server/pkg/store/file.go:49.16,51.3 1 0
github.com/davimerotto/web-server/pkg/store/file.go:52.2,52.58 1 0
github.com/davimerotto/web-server/pkg/store/file.go:55.51,56.19 1 0
github.com/davimerotto/web-server/pkg/store/file.go:56.19,57.24 1 0
github.com/davimerotto/web-server/pkg/store/file.go:57.24,59.4 1 0
github.com/davimerotto/web-server/pkg/store/file.go:60.3,62.17 3 0
github.com/davimerotto/web-server/pkg/store/file.go:62.17,64.4 1 0
github.com/davimerotto/web-server/pkg/store/file.go:65.3,65.13 1 0
github.com/davimerotto/web-server/pkg/store/file.go:67.2,68.16 2 0
github.com/davimerotto/web-server/pkg/store/file.go:68.16,70.3 1 0
github.com/davimerotto/web-server/pkg/store/file.go:71.2,71.49 1 0
github.com/davimerotto/web-server/pkg/store/file.go:74.54,75.15 1 0
github.com/davimerotto/web-server/pkg/store/file.go:76.16,77.39 1 0
github.com/davimerotto/web-server/pkg/store/file.go:79.2,79.12 1 0
github.com/davimerotto/web-server/pkg/web/response.go:10.67,11.16 1 1
github.com/davimerotto/web-server/pkg/web/response.go:11.16,17.3 1 1
github.com/davimerotto/web-server/pkg/web/response.go:18.2,22.3 1 0
